<?xml version="1.0" encoding="UTF-8"?>
<!-- Generated by org.testng.reporters.JUnitXMLReporter -->
<testsuite ignored="0" hostname="Pavan" failures="0" tests="3" name="Default test" time="0.048" errors="0" timestamp="2023-12-15T08:40:14 IST">
  <testcase classname="com.SampleFW.CreateOrgTest" name="createOrg_WithCouponCode" time="0.008"/>
  <testcase classname="com.SampleFW.CreateOrgTest" name="createOrg_WithEmail" time="0.002"/>
  <testcase classname="com.SampleFW.CreateOrgTest" name="createOrg_WithPhone" time="0.001"/>
</testsuite> <!-- Default test -->
