<?xml version="1.0" encoding="UTF-8"?>
<!-- Generated by org.testng.reporters.JUnitXMLReporter -->
<testsuite ignored="4" hostname="Pavan" failures="0" tests="2" name="chrome" time="2.523" errors="0" timestamp="2023-12-14T08:57:59 IST">
  <testcase classname="com.SampleFW.CreateContactTest" name="createContactWithOrgTest" time="0.005"/>
  <testcase classname="com.SampleFW.CreateOrgTest" name="createOrg_WithEmail" time="0.006"/>
  <testcase classname="com.SampleFW.Base" name="@AfterSuite afterSuite" time="0.0">
    <ignored/>
  </testcase> <!-- @AfterSuite afterSuite -->
  <testcase classname="com.SampleFW.Base" name="@AfterTest afterTest" time="0.0">
    <ignored/>
  </testcase> <!-- @AfterTest afterTest -->
  <testcase classname="com.SampleFW.Base" name="@BeforeSuite beforeSuite" time="0.0">
    <ignored/>
  </testcase> <!-- @BeforeSuite beforeSuite -->
  <testcase classname="com.SampleFW.Base" name="@BeforeTest beforeTest" time="0.0">
    <ignored/>
  </testcase> <!-- @BeforeTest beforeTest -->
</testsuite> <!-- chrome -->
