<?xml version="1.0" encoding="UTF-8"?>
<!-- Generated by org.testng.reporters.JUnitXMLReporter -->
<testsuite ignored="4" hostname="Pavan" failures="0" tests="2" name="firefox" time="8.461" errors="0" timestamp="2023-12-15T08:21:54 IST">
  <testcase classname="com.SampleFW.CreateContactTest" name="createContactWithOrgTest" time="0.006"/>
  <testcase classname="com.SampleFW.CreateOrgTest" name="createOrg_WithEmail" time="0.003"/>
  <testcase classname="com.SampleFW.Base" name="@BeforeTest beforeTest" time="0.0">
    <ignored/>
  </testcase> <!-- @BeforeTest beforeTest -->
  <testcase classname="com.SampleFW.Base" name="@AfterSuite afterSuite" time="0.0">
    <ignored/>
  </testcase> <!-- @AfterSuite afterSuite -->
  <testcase classname="com.SampleFW.Base" name="@BeforeSuite beforeSuite" time="0.0">
    <ignored/>
  </testcase> <!-- @BeforeSuite beforeSuite -->
  <testcase classname="com.SampleFW.Base" name="@AfterTest afterTest" time="0.0">
    <ignored/>
  </testcase> <!-- @AfterTest afterTest -->
</testsuite> <!-- firefox -->
