<?xml version="1.0" encoding="UTF-8"?>
<!-- Generated by org.testng.reporters.JUnitXMLReporter -->
<testsuite ignored="1" hostname="Pavan" failures="0" tests="2" name="Test" time="0.042" errors="0" timestamp="2023-12-15T08:40:31 IST">
  <testcase classname="com.SampleFW.CreateOrgTest" name="createOrg_WithCouponCode" time="0.007"/>
  <testcase classname="com.SampleFW.CreateOrgTest" name="createOrg_WithEmail" time="0.003"/>
  <testcase classname="com.SampleFW.CreateOrgTest" name="createOrg_WithPhone" time="0.0">
    <ignored/>
  </testcase> <!-- createOrg_WithPhone -->
</testsuite> <!-- Test -->
