<?xml version="1.0" encoding="UTF-8"?>
<testng-results ignored="0" total="2" passed="2" failed="0" skipped="0">
  <reporter-output>
  </reporter-output>
  <suite started-at="2023-12-15T08:40:31 IST" name="Suite" finished-at="2023-12-15T08:40:31 IST" duration-ms="42">
    <groups>
      <group name="regression">
        <method signature="CreateOrgTest.createOrg_WithEmail()[pri:0, instance:com.SampleFW.CreateOrgTest@26e356f0]" name="createOrg_WithEmail" class="com.SampleFW.CreateOrgTest"/>
      </group> <!-- regression -->
      <group name="sanity">
        <method signature="CreateOrgTest.createOrg_WithCouponCode()[pri:0, instance:com.SampleFW.CreateOrgTest@26e356f0]" name="createOrg_WithCouponCode" class="com.SampleFW.CreateOrgTest"/>
      </group> <!-- sanity -->
    </groups>
    <test started-at="2023-12-15T08:40:31 IST" name="Test" finished-at="2023-12-15T08:40:31 IST" duration-ms="42">
      <class name="com.SampleFW.CreateOrgTest">
        <test-method signature="createOrg_WithCouponCode()[pri:0, instance:com.SampleFW.CreateOrgTest@26e356f0]" started-at="2023-12-15T08:40:31 IST" name="createOrg_WithCouponCode" finished-at="2023-12-15T08:40:31 IST" duration-ms="7" status="PASS">
          <reporter-output>
          </reporter-output>
        </test-method> <!-- createOrg_WithCouponCode -->
        <test-method signature="createOrg_WithEmail()[pri:0, instance:com.SampleFW.CreateOrgTest@26e356f0]" started-at="2023-12-15T08:40:31 IST" name="createOrg_WithEmail" finished-at="2023-12-15T08:40:31 IST" duration-ms="3" status="PASS">
          <reporter-output>
          </reporter-output>
        </test-method> <!-- createOrg_WithEmail -->
      </class> <!-- com.SampleFW.CreateOrgTest -->
    </test> <!-- Test -->
  </suite> <!-- Suite -->
</testng-results>
